<?xml version="1.0" encoding="UTF-8"?>
<testsuite xmlns:xsi="http://www.w3.org/2001/XMLSchema-instance" xsi:noNamespaceSchemaLocation="https://maven.apache.org/surefire/maven-surefire-plugin/xsd/surefire-test-report-3.0.xsd" version="3.0" name="com.mycompany.lab8.DAOTest" time="1.608" tests="1" errors="0" skipped="0" failures="0">
  <properties>
[...]
</properties>
  <testcase name="testDAOs" classname="com.mycompany.lab8.DAOTest" time="1.566">
    <system-out><![CDATA[Încep testul...
Am creat ContinentDAO
Am creat continentul Europe
Am inserat continentul Europe
Found continent: Continent{id=2, name='Europe'}
Am creat CountryDAO
Am creat țara France
Am inserat țara France
Found country: Country{id=2, name='France', code='FR', continent=Continent{id=2, name='Europe'}}
]]></system-out>
    <system-err><![CDATA[[main] INFO com.zaxxer.hikari.HikariDataSource - HikariPool-1 - Starting...
[main] INFO com.zaxxer.hikari.pool.HikariPool - HikariPool-1 - Added connection oracle.jdbc.driver.T4CConnection@43599640
[main] INFO com.zaxxer.hikari.HikariDataSource - HikariPool-1 - Start completed.
]]></system-err>
  </testcase>
</testsuite>